
> sb-8@0.0.0 build-storybook C:\Dev\poc\sb-8
> storybook build "--output-dir" "C:\\Users\\PATRIC~1.LAF\\AppData\\Local\\Temp\\chromatic--34544-sfNvAPbkRZLg"

@storybook/cli v8.0.0

info => Cleaning outputDir: ..\..\..\Users\PATRIC~1.LAF\AppData\Local\Temp\chromatic--34544-sfNvAPbkRZLg
info => Loading presets
info => Building manager..
info => Manager built (415 ms)
info => Building preview..
info => Using implicit CSS loaders
info => Using default Webpack5 setup
WARN asset size limit: The following asset(s) exceed the recommended size limit (244 KiB).
WARN This can impact web performance.
WARN Assets: 
WARN   486.8257fc81.iframe.bundle.js (685 KiB)
WARN   730.b9e537f5.iframe.bundle.js (854 KiB)
WARN entrypoint size limit: The following entrypoint(s) combined asset size exceeds the recommended limit (244 KiB). This can impact web performance.
WARN Entrypoints:
WARN   main (863 KiB)
WARN       runtime~main.6d524da7.iframe.bundle.js
WARN       730.b9e537f5.iframe.bundle.js
WARN       main.921fe07b.iframe.bundle.js
WARN 
info => Preview built (3.82 s)
info => Output directory: C:\Users\PATRIC~1.LAF\AppData\Local\Temp\chromatic--34544-sfNvAPbkRZLg
